d:\osj\octree_report\x64\debug\octree.pch
d:\osj\octree_report\x64\debug\vc142.pdb
d:\osj\octree_report\x64\debug\vc142.idb
d:\osj\octree_report\x64\debug\stdafx.obj
d:\osj\octree_report\x64\debug\utils.obj
d:\osj\octree_report\x64\debug\timer.obj
d:\osj\octree_report\x64\debug\octree.obj
d:\osj\octree_report\x64\debug\object.obj
d:\osj\octree_report\x64\debug\node.obj
d:\osj\octree_report\x64\debug\math.obj
d:\osj\octree_report\x64\debug\main.obj
d:\osj\osj_project_sample\x64\debug\octree.pdb
d:\osj\octree_report\x64\debug\octree.tlog\cl.command.1.tlog
d:\osj\octree_report\x64\debug\octree.tlog\cl.read.1.tlog
d:\osj\octree_report\x64\debug\octree.tlog\cl.write.1.tlog
d:\osj\octree_report\x64\debug\octree.tlog\link-cvtres.read.1.tlog
d:\osj\octree_report\x64\debug\octree.tlog\link-cvtres.write.1.tlog
d:\osj\octree_report\x64\debug\octree.tlog\link-rc.read.1.tlog
d:\osj\octree_report\x64\debug\octree.tlog\link-rc.write.1.tlog
d:\osj\octree_report\x64\debug\octree.tlog\link.command.1.tlog
d:\osj\octree_report\x64\debug\octree.tlog\link.read.1.tlog
d:\osj\octree_report\x64\debug\octree.tlog\link.write.1.tlog
