C:\Program Files (x86)\Microsoft Visual Studio\2019\Professional\MSBuild\Microsoft\VC\v160\Microsoft.CppBuild.targets(513,5): warning MSB8028: 중간 디렉터리(x64\Debug\)에 다른 프로젝트(Practice0.vcxproj)에서 공유하는 파일이 포함되어 있습니다.  이로 인해 잘못된 정리 및 다시 빌드 동작이 수행될 수 있습니다.
  main.cpp
D:\OSJ\Octree_report\Utils.h(39,10): error C3646: 'mVector3': 알 수 없는 재정의 지정자입니다.
D:\OSJ\Octree_report\Utils.h(39,18): error C2143: 구문 오류: ','이(가) '[' 앞에 없습니다.
D:\OSJ\Octree_report\Utils.h(39,21): error C2238: ';' 앞에 예기치 않은 토큰이 있습니다.
D:\OSJ\Octree_report\Utils.h(40,10): error C3646: 'mCenter': 알 수 없는 재정의 지정자입니다.
D:\OSJ\Octree_report\Utils.h(40,17): error C4430: 형식 지정자가 없습니다. int로 가정합니다. 참고: C++에서는 기본 int를 지원하지 않습니다.
D:\OSJ\Octree_report\Utils.h(41,10): error C3646: 'mHalf': 알 수 없는 재정의 지정자입니다.
D:\OSJ\Octree_report\Utils.h(41,15): error C4430: 형식 지정자가 없습니다. int로 가정합니다. 참고: C++에서는 기본 int를 지원하지 않습니다.
D:\OSJ\Octree_report\Utils.h(42,10): error C3646: 'mMin': 알 수 없는 재정의 지정자입니다.
D:\OSJ\Octree_report\Utils.h(42,14): error C4430: 형식 지정자가 없습니다. int로 가정합니다. 참고: C++에서는 기본 int를 지원하지 않습니다.
D:\OSJ\Octree_report\Utils.h(43,10): error C3646: 'mMax': 알 수 없는 재정의 지정자입니다.
D:\OSJ\Octree_report\Utils.h(43,14): error C4430: 형식 지정자가 없습니다. int로 가정합니다. 참고: C++에서는 기본 int를 지원하지 않습니다.
D:\OSJ\Octree_report\Utils.h(44,10): error C3646: 'v': 알 수 없는 재정의 지정자입니다.
D:\OSJ\Octree_report\Utils.h(44,11): error C4430: 형식 지정자가 없습니다. int로 가정합니다. 참고: C++에서는 기본 int를 지원하지 않습니다.
D:\OSJ\Octree_report\Utils.h(45,10): error C3646: 's': 알 수 없는 재정의 지정자입니다.
D:\OSJ\Octree_report\Utils.h(45,11): error C4430: 형식 지정자가 없습니다. int로 가정합니다. 참고: C++에서는 기본 int를 지원하지 않습니다.
D:\OSJ\Octree_report\Utils.h(54,17): error C2061: 구문 오류: 식별자 'Vector3'
D:\OSJ\Octree_report\Utils.h(63,11): error C2061: 구문 오류: 식별자 'Vector3'
D:\OSJ\Octree_report\Utils.h(70,6): error C2061: 구문 오류: 식별자 'Vector3'
D:\OSJ\Octree_report\Utils.h(80,5): error C2535: 'Box::Box(void)': 멤버 함수를 이미 정의했거나 선언했습니다.
D:\OSJ\Octree_report\Utils.h(70): message : 'Box::Box' 선언을 참조하십시오.
D:\OSJ\Octree_report\Utils.h(72,7): error C2065: 'p': 선언되지 않은 식별자입니다.
D:\OSJ\Octree_report\Utils.h(72,12): error C2065: 'p': 선언되지 않은 식별자입니다.
D:\OSJ\Octree_report\Utils.h(72,17): error C2065: 'p': 선언되지 않은 식별자입니다.
D:\OSJ\Octree_report\Utils.h(72,22): error C2065: 'w': 선언되지 않은 식별자입니다.
D:\OSJ\Octree_report\Utils.h(72,25): error C2065: 'h': 선언되지 않은 식별자입니다.
D:\OSJ\Octree_report\Utils.h(72,28): error C2065: 'd': 선언되지 않은 식별자입니다.
D:\OSJ\Octree_report\Utils.h(72,1): error C2661: 'Box::Set': 오버로드된 함수에서 4개의 인수를 사용하지 않습니다.
  Math.cpp
  Node.cpp
D:\OSJ\Octree_report\Utils.h(39,10): error C3646: 'mVector3': 알 수 없는 재정의 지정자입니다.
D:\OSJ\Octree_report\Utils.h(39,18): error C2143: 구문 오류: ','이(가) '[' 앞에 없습니다.
D:\OSJ\Octree_report\Utils.h(39,21): error C2238: ';' 앞에 예기치 않은 토큰이 있습니다.
D:\OSJ\Octree_report\Utils.h(40,10): error C3646: 'mCenter': 알 수 없는 재정의 지정자입니다.
D:\OSJ\Octree_report\Utils.h(40,17): error C4430: 형식 지정자가 없습니다. int로 가정합니다. 참고: C++에서는 기본 int를 지원하지 않습니다.
D:\OSJ\Octree_report\Utils.h(41,10): error C3646: 'mHalf': 알 수 없는 재정의 지정자입니다.
D:\OSJ\Octree_report\Utils.h(41,15): error C4430: 형식 지정자가 없습니다. int로 가정합니다. 참고: C++에서는 기본 int를 지원하지 않습니다.
D:\OSJ\Octree_report\Utils.h(42,10): error C3646: 'mMin': 알 수 없는 재정의 지정자입니다.
D:\OSJ\Octree_report\Utils.h(42,14): error C4430: 형식 지정자가 없습니다. int로 가정합니다. 참고: C++에서는 기본 int를 지원하지 않습니다.
D:\OSJ\Octree_report\Utils.h(43,10): error C3646: 'mMax': 알 수 없는 재정의 지정자입니다.
D:\OSJ\Octree_report\Utils.h(43,14): error C4430: 형식 지정자가 없습니다. int로 가정합니다. 참고: C++에서는 기본 int를 지원하지 않습니다.
D:\OSJ\Octree_report\Utils.h(44,10): error C3646: 'v': 알 수 없는 재정의 지정자입니다.
D:\OSJ\Octree_report\Utils.h(44,11): error C4430: 형식 지정자가 없습니다. int로 가정합니다. 참고: C++에서는 기본 int를 지원하지 않습니다.
D:\OSJ\Octree_report\Utils.h(45,10): error C3646: 's': 알 수 없는 재정의 지정자입니다.
D:\OSJ\Octree_report\Utils.h(45,11): error C4430: 형식 지정자가 없습니다. int로 가정합니다. 참고: C++에서는 기본 int를 지원하지 않습니다.
D:\OSJ\Octree_report\Utils.h(54,17): error C2061: 구문 오류: 식별자 'Vector3'
D:\OSJ\Octree_report\Utils.h(63,11): error C2061: 구문 오류: 식별자 'Vector3'
D:\OSJ\Octree_report\Utils.h(70,6): error C2061: 구문 오류: 식별자 'Vector3'
D:\OSJ\Octree_report\Utils.h(80,5): error C2535: 'Box::Box(void)': 멤버 함수를 이미 정의했거나 선언했습니다.
D:\OSJ\Octree_report\Utils.h(70): message : 'Box::Box' 선언을 참조하십시오.
D:\OSJ\Octree_report\Utils.h(72,7): error C2065: 'p': 선언되지 않은 식별자입니다.
D:\OSJ\Octree_report\Utils.h(72,12): error C2065: 'p': 선언되지 않은 식별자입니다.
D:\OSJ\Octree_report\Utils.h(72,17): error C2065: 'p': 선언되지 않은 식별자입니다.
D:\OSJ\Octree_report\Utils.h(72,22): error C2065: 'w': 선언되지 않은 식별자입니다.
D:\OSJ\Octree_report\Utils.h(72,25): error C2065: 'h': 선언되지 않은 식별자입니다.
D:\OSJ\Octree_report\Utils.h(72,28): error C2065: 'd': 선언되지 않은 식별자입니다.
D:\OSJ\Octree_report\Utils.h(72,1): error C2661: 'Box::Set': 오버로드된 함수에서 4개의 인수를 사용하지 않습니다.
  Object.cpp
D:\OSJ\Octree_report\Utils.h(39,10): error C3646: 'mVector3': 알 수 없는 재정의 지정자입니다.
D:\OSJ\Octree_report\Utils.h(39,18): error C2143: 구문 오류: ','이(가) '[' 앞에 없습니다.
D:\OSJ\Octree_report\Utils.h(39,21): error C2238: ';' 앞에 예기치 않은 토큰이 있습니다.
D:\OSJ\Octree_report\Utils.h(40,10): error C3646: 'mCenter': 알 수 없는 재정의 지정자입니다.
D:\OSJ\Octree_report\Utils.h(40,17): error C4430: 형식 지정자가 없습니다. int로 가정합니다. 참고: C++에서는 기본 int를 지원하지 않습니다.
D:\OSJ\Octree_report\Utils.h(41,10): error C3646: 'mHalf': 알 수 없는 재정의 지정자입니다.
D:\OSJ\Octree_report\Utils.h(41,15): error C4430: 형식 지정자가 없습니다. int로 가정합니다. 참고: C++에서는 기본 int를 지원하지 않습니다.
D:\OSJ\Octree_report\Utils.h(42,10): error C3646: 'mMin': 알 수 없는 재정의 지정자입니다.
D:\OSJ\Octree_report\Utils.h(42,14): error C4430: 형식 지정자가 없습니다. int로 가정합니다. 참고: C++에서는 기본 int를 지원하지 않습니다.
D:\OSJ\Octree_report\Utils.h(43,10): error C3646: 'mMax': 알 수 없는 재정의 지정자입니다.
D:\OSJ\Octree_report\Utils.h(43,14): error C4430: 형식 지정자가 없습니다. int로 가정합니다. 참고: C++에서는 기본 int를 지원하지 않습니다.
D:\OSJ\Octree_report\Utils.h(44,10): error C3646: 'v': 알 수 없는 재정의 지정자입니다.
D:\OSJ\Octree_report\Utils.h(44,11): error C4430: 형식 지정자가 없습니다. int로 가정합니다. 참고: C++에서는 기본 int를 지원하지 않습니다.
D:\OSJ\Octree_report\Utils.h(45,10): error C3646: 's': 알 수 없는 재정의 지정자입니다.
D:\OSJ\Octree_report\Utils.h(45,11): error C4430: 형식 지정자가 없습니다. int로 가정합니다. 참고: C++에서는 기본 int를 지원하지 않습니다.
D:\OSJ\Octree_report\Utils.h(54,17): error C2061: 구문 오류: 식별자 'Vector3'
D:\OSJ\Octree_report\Utils.h(63,11): error C2061: 구문 오류: 식별자 'Vector3'
D:\OSJ\Octree_report\Utils.h(70,6): error C2061: 구문 오류: 식별자 'Vector3'
D:\OSJ\Octree_report\Utils.h(80,5): error C2535: 'Box::Box(void)': 멤버 함수를 이미 정의했거나 선언했습니다.
D:\OSJ\Octree_report\Utils.h(70): message : 'Box::Box' 선언을 참조하십시오.
D:\OSJ\Octree_report\Utils.h(72,7): error C2065: 'p': 선언되지 않은 식별자입니다.
D:\OSJ\Octree_report\Utils.h(72,12): error C2065: 'p': 선언되지 않은 식별자입니다.
D:\OSJ\Octree_report\Utils.h(72,17): error C2065: 'p': 선언되지 않은 식별자입니다.
D:\OSJ\Octree_report\Utils.h(72,22): error C2065: 'w': 선언되지 않은 식별자입니다.
D:\OSJ\Octree_report\Utils.h(72,25): error C2065: 'h': 선언되지 않은 식별자입니다.
D:\OSJ\Octree_report\Utils.h(72,28): error C2065: 'd': 선언되지 않은 식별자입니다.
D:\OSJ\Octree_report\Utils.h(72,1): error C2661: 'Box::Set': 오버로드된 함수에서 4개의 인수를 사용하지 않습니다.
  Octree.cpp
D:\OSJ\Octree_report\Utils.h(39,10): error C3646: 'mVector3': 알 수 없는 재정의 지정자입니다.
D:\OSJ\Octree_report\Utils.h(39,18): error C2143: 구문 오류: ','이(가) '[' 앞에 없습니다.
D:\OSJ\Octree_report\Utils.h(39,21): error C2238: ';' 앞에 예기치 않은 토큰이 있습니다.
D:\OSJ\Octree_report\Utils.h(40,10): error C3646: 'mCenter': 알 수 없는 재정의 지정자입니다.
D:\OSJ\Octree_report\Utils.h(40,17): error C4430: 형식 지정자가 없습니다. int로 가정합니다. 참고: C++에서는 기본 int를 지원하지 않습니다.
D:\OSJ\Octree_report\Utils.h(41,10): error C3646: 'mHalf': 알 수 없는 재정의 지정자입니다.
D:\OSJ\Octree_report\Utils.h(41,15): error C4430: 형식 지정자가 없습니다. int로 가정합니다. 참고: C++에서는 기본 int를 지원하지 않습니다.
D:\OSJ\Octree_report\Utils.h(42,10): error C3646: 'mMin': 알 수 없는 재정의 지정자입니다.
D:\OSJ\Octree_report\Utils.h(42,14): error C4430: 형식 지정자가 없습니다. int로 가정합니다. 참고: C++에서는 기본 int를 지원하지 않습니다.
D:\OSJ\Octree_report\Utils.h(43,10): error C3646: 'mMax': 알 수 없는 재정의 지정자입니다.
D:\OSJ\Octree_report\Utils.h(43,14): error C4430: 형식 지정자가 없습니다. int로 가정합니다. 참고: C++에서는 기본 int를 지원하지 않습니다.
D:\OSJ\Octree_report\Utils.h(44,10): error C3646: 'v': 알 수 없는 재정의 지정자입니다.
D:\OSJ\Octree_report\Utils.h(44,11): error C4430: 형식 지정자가 없습니다. int로 가정합니다. 참고: C++에서는 기본 int를 지원하지 않습니다.
D:\OSJ\Octree_report\Utils.h(45,10): error C3646: 's': 알 수 없는 재정의 지정자입니다.
D:\OSJ\Octree_report\Utils.h(45,11): error C4430: 형식 지정자가 없습니다. int로 가정합니다. 참고: C++에서는 기본 int를 지원하지 않습니다.
D:\OSJ\Octree_report\Utils.h(54,17): error C2061: 구문 오류: 식별자 'Vector3'
D:\OSJ\Octree_report\Utils.h(63,11): error C2061: 구문 오류: 식별자 'Vector3'
D:\OSJ\Octree_report\Utils.h(70,6): error C2061: 구문 오류: 식별자 'Vector3'
D:\OSJ\Octree_report\Utils.h(80,5): error C2535: 'Box::Box(void)': 멤버 함수를 이미 정의했거나 선언했습니다.
D:\OSJ\Octree_report\Utils.h(70): message : 'Box::Box' 선언을 참조하십시오.
D:\OSJ\Octree_report\Utils.h(72,7): error C2065: 'p': 선언되지 않은 식별자입니다.
D:\OSJ\Octree_report\Utils.h(72,12): error C2065: 'p': 선언되지 않은 식별자입니다.
D:\OSJ\Octree_report\Utils.h(72,17): error C2065: 'p': 선언되지 않은 식별자입니다.
D:\OSJ\Octree_report\Utils.h(72,22): error C2065: 'w': 선언되지 않은 식별자입니다.
D:\OSJ\Octree_report\Utils.h(72,25): error C2065: 'h': 선언되지 않은 식별자입니다.
D:\OSJ\Octree_report\Utils.h(72,28): error C2065: 'd': 선언되지 않은 식별자입니다.
D:\OSJ\Octree_report\Utils.h(72,1): error C2661: 'Box::Set': 오버로드된 함수에서 4개의 인수를 사용하지 않습니다.
  Utils.cpp
D:\OSJ\Octree_report\Utils.h(39,10): error C3646: 'mVector3': 알 수 없는 재정의 지정자입니다.
D:\OSJ\Octree_report\Utils.h(39,18): error C2143: 구문 오류: ','이(가) '[' 앞에 없습니다.
D:\OSJ\Octree_report\Utils.h(39,21): error C2238: ';' 앞에 예기치 않은 토큰이 있습니다.
D:\OSJ\Octree_report\Utils.h(40,10): error C3646: 'mCenter': 알 수 없는 재정의 지정자입니다.
D:\OSJ\Octree_report\Utils.h(40,17): error C4430: 형식 지정자가 없습니다. int로 가정합니다. 참고: C++에서는 기본 int를 지원하지 않습니다.
D:\OSJ\Octree_report\Utils.h(41,10): error C3646: 'mHalf': 알 수 없는 재정의 지정자입니다.
D:\OSJ\Octree_report\Utils.h(41,15): error C4430: 형식 지정자가 없습니다. int로 가정합니다. 참고: C++에서는 기본 int를 지원하지 않습니다.
D:\OSJ\Octree_report\Utils.h(42,10): error C3646: 'mMin': 알 수 없는 재정의 지정자입니다.
D:\OSJ\Octree_report\Utils.h(42,14): error C4430: 형식 지정자가 없습니다. int로 가정합니다. 참고: C++에서는 기본 int를 지원하지 않습니다.
D:\OSJ\Octree_report\Utils.h(43,10): error C3646: 'mMax': 알 수 없는 재정의 지정자입니다.
D:\OSJ\Octree_report\Utils.h(43,14): error C4430: 형식 지정자가 없습니다. int로 가정합니다. 참고: C++에서는 기본 int를 지원하지 않습니다.
D:\OSJ\Octree_report\Utils.h(44,10): error C3646: 'v': 알 수 없는 재정의 지정자입니다.
D:\OSJ\Octree_report\Utils.h(44,11): error C4430: 형식 지정자가 없습니다. int로 가정합니다. 참고: C++에서는 기본 int를 지원하지 않습니다.
D:\OSJ\Octree_report\Utils.h(45,10): error C3646: 's': 알 수 없는 재정의 지정자입니다.
D:\OSJ\Octree_report\Utils.h(45,11): error C4430: 형식 지정자가 없습니다. int로 가정합니다. 참고: C++에서는 기본 int를 지원하지 않습니다.
D:\OSJ\Octree_report\Utils.h(54,17): error C2061: 구문 오류: 식별자 'Vector3'
D:\OSJ\Octree_report\Utils.h(63,11): error C2061: 구문 오류: 식별자 'Vector3'
D:\OSJ\Octree_report\Utils.h(70,6): error C2061: 구문 오류: 식별자 'Vector3'
D:\OSJ\Octree_report\Utils.h(80,5): error C2535: 'Box::Box(void)': 멤버 함수를 이미 정의했거나 선언했습니다.
D:\OSJ\Octree_report\Utils.h(70): message : 'Box::Box' 선언을 참조하십시오.
D:\OSJ\Octree_report\Utils.h(72,7): error C2065: 'p': 선언되지 않은 식별자입니다.
D:\OSJ\Octree_report\Utils.h(72,12): error C2065: 'p': 선언되지 않은 식별자입니다.
D:\OSJ\Octree_report\Utils.h(72,17): error C2065: 'p': 선언되지 않은 식별자입니다.
D:\OSJ\Octree_report\Utils.h(72,22): error C2065: 'w': 선언되지 않은 식별자입니다.
D:\OSJ\Octree_report\Utils.h(72,25): error C2065: 'h': 선언되지 않은 식별자입니다.
D:\OSJ\Octree_report\Utils.h(72,28): error C2065: 'd': 선언되지 않은 식별자입니다.
D:\OSJ\Octree_report\Utils.h(72,1): error C2661: 'Box::Set': 오버로드된 함수에서 4개의 인수를 사용하지 않습니다.
D:\OSJ\Octree_report\Utils.cpp(8,11): error C2065: 'v': 선언되지 않은 식별자입니다.
D:\OSJ\Octree_report\Utils.cpp(8,19): error C2039: 'v': 'Box'의 멤버가 아닙니다.
D:\OSJ\Octree_report\Utils.h(36): message : 'Box' 선언을 참조하십시오.
D:\OSJ\Octree_report\Utils.cpp(9,11): error C2065: 'v': 선언되지 않은 식별자입니다.
D:\OSJ\Octree_report\Utils.cpp(9,19): error C2039: 'v': 'Box'의 멤버가 아닙니다.
D:\OSJ\Octree_report\Utils.h(36): message : 'Box' 선언을 참조하십시오.
D:\OSJ\Octree_report\Utils.cpp(10,11): error C2065: 'v': 선언되지 않은 식별자입니다.
D:\OSJ\Octree_report\Utils.cpp(10,19): error C2039: 'v': 'Box'의 멤버가 아닙니다.
D:\OSJ\Octree_report\Utils.h(36): message : 'Box' 선언을 참조하십시오.
D:\OSJ\Octree_report\Utils.cpp(11,11): error C2065: 's': 선언되지 않은 식별자입니다.
D:\OSJ\Octree_report\Utils.cpp(11,23): error C2039: 's': 'Box'의 멤버가 아닙니다.
D:\OSJ\Octree_report\Utils.h(36): message : 'Box' 선언을 참조하십시오.
D:\OSJ\Octree_report\Utils.cpp(12,11): error C2065: 's': 선언되지 않은 식별자입니다.
D:\OSJ\Octree_report\Utils.cpp(12,24): error C2039: 's': 'Box'의 멤버가 아닙니다.
D:\OSJ\Octree_report\Utils.h(36): message : 'Box' 선언을 참조하십시오.
D:\OSJ\Octree_report\Utils.cpp(13,11): error C2065: 's': 선언되지 않은 식별자입니다.
D:\OSJ\Octree_report\Utils.cpp(13,23): error C2039: 's': 'Box'의 멤버가 아닙니다.
D:\OSJ\Octree_report\Utils.h(36): message : 'Box' 선언을 참조하십시오.
D:\OSJ\Octree_report\Utils.cpp(25,16): error C2065: 'v': 선언되지 않은 식별자입니다.
D:\OSJ\Octree_report\Utils.cpp(25,16): error C2039: 'v': 'Box'의 멤버가 아닙니다.
D:\OSJ\Octree_report\Utils.h(36): message : 'Box' 선언을 참조하십시오.
D:\OSJ\Octree_report\Utils.cpp(26,16): error C2065: 'v': 선언되지 않은 식별자입니다.
D:\OSJ\Octree_report\Utils.cpp(26,16): error C2039: 'v': 'Box'의 멤버가 아닙니다.
D:\OSJ\Octree_report\Utils.h(36): message : 'Box' 선언을 참조하십시오.
D:\OSJ\Octree_report\Utils.cpp(27,16): error C2065: 'v': 선언되지 않은 식별자입니다.
D:\OSJ\Octree_report\Utils.cpp(27,16): error C2039: 'v': 'Box'의 멤버가 아닙니다.
D:\OSJ\Octree_report\Utils.h(36): message : 'Box' 선언을 참조하십시오.
D:\OSJ\Octree_report\Utils.cpp(28,16): error C2065: 'v': 선언되지 않은 식별자입니다.
D:\OSJ\Octree_report\Utils.cpp(28,16): error C2039: 'v': 'Box'의 멤버가 아닙니다.
D:\OSJ\Octree_report\Utils.h(36): message : 'Box' 선언을 참조하십시오.
D:\OSJ\Octree_report\Utils.cpp(29,16): error C2065: 'v': 선언되지 않은 식별자입니다.
D:\OSJ\Octree_report\Utils.cpp(29,16): error C2039: 'v': 'Box'의 멤버가 아닙니다.
D:\OSJ\Octree_report\Utils.h(36): message : 'Box' 선언을 참조하십시오.
D:\OSJ\Octree_report\Utils.cpp(30,16): error C2065: 'v': 선언되지 않은 식별자입니다.
D:\OSJ\Octree_report\Utils.cpp(30,16): error C2039: 'v': 'Box'의 멤버가 아닙니다.
D:\OSJ\Octree_report\Utils.h(36): message : 'Box' 선언을 참조하십시오.
D:\OSJ\Octree_report\Utils.cpp(31,2): error C2065: 'Vector3': 선언되지 않은 식별자입니다.
D:\OSJ\Octree_report\Utils.cpp(31,10): error C2146: 구문 오류: ';'이(가) 'pivot' 식별자 앞에 없습니다.
D:\OSJ\Octree_report\Utils.cpp(31,10): error C2065: 'pivot': 선언되지 않은 식별자입니다.
D:\OSJ\Octree_report\Utils.cpp(31,40): error C3079: 이니셜라이저 목록을 이 대입 연산자의 오른쪽 피연산자로 사용할 수 없습니다.
D:\OSJ\Octree_report\Utils.cpp(32,10): error C2065: 'pivot': 선언되지 않은 식별자입니다.
D:\OSJ\Octree_report\Utils.cpp(42,17): error C2065: 'mMin': 선언되지 않은 식별자입니다.
D:\OSJ\Octree_report\Utils.cpp(42,17): error C2039: 'mMin': 'Box'의 멤버가 아닙니다.
D:\OSJ\Octree_report\Utils.h(36): message : 'Box' 선언을 참조하십시오.
D:\OSJ\Octree_report\Utils.cpp(43,17): error C2065: 'mMin': 선언되지 않은 식별자입니다.
D:\OSJ\Octree_report\Utils.cpp(43,17): error C2039: 'mMin': 'Box'의 멤버가 아닙니다.
D:\OSJ\Octree_report\Utils.h(36): message : 'Box' 선언을 참조하십시오.
D:\OSJ\Octree_report\Utils.cpp(44,17): error C2065: 'mMin': 선언되지 않은 식별자입니다.
D:\OSJ\Octree_report\Utils.cpp(44,17): error C2039: 'mMin': 'Box'의 멤버가 아닙니다.
D:\OSJ\Octree_report\Utils.h(36): message : 'Box' 선언을 참조하십시오.
D:\OSJ\Octree_report\Utils.cpp(46,17): error C2065: 'mMax': 선언되지 않은 식별자입니다.
D:\OSJ\Octree_report\Utils.cpp(46,17): error C2039: 'mMax': 'Box'의 멤버가 아닙니다.
D:\OSJ\Octree_report\Utils.h(36): message : 'Box' 선언을 참조하십시오.
D:\OSJ\Octree_report\Utils.cpp(47,17): error C2065: 'mMax': 선언되지 않은 식별자입니다.
D:\OSJ\Octree_report\Utils.cpp(47,17): error C2039: 'mMax': 'Box'의 멤버가 아닙니다.
D:\OSJ\Octree_report\Utils.h(36): message : 'Box' 선언을 참조하십시오.
D:\OSJ\Octree_report\Utils.cpp(48,17): error C2065: 'mMax': 선언되지 않은 식별자입니다.
D:\OSJ\Octree_report\Utils.cpp(48,17): error C2039: 'mMax': 'Box'의 멤버가 아닙니다.
D:\OSJ\Octree_report\Utils.h(36): message : 'Box' 선언을 참조하십시오.
D:\OSJ\Octree_report\Utils.cpp(50,3): error C2065: 'Vector3': 선언되지 않은 식별자입니다.
D:\OSJ\Octree_report\Utils.cpp(50,11): error C2146: 구문 오류: ';'이(가) 'pivot' 식별자 앞에 없습니다.
D:\OSJ\Octree_report\Utils.cpp(50,11): error C3861: 'pivot': 식별자를 찾을 수 없습니다.
D:\OSJ\Octree_report\Utils.cpp(51,11): error C2065: 'pivot': 선언되지 않은 식별자입니다.
D:\OSJ\Octree_report\Utils.cpp(56,28): error C2761: '-': 멤버를 재선언할 수 없습니다.
D:\OSJ\Octree_report\Utils.cpp(56,21): error C2065: 'Vector3': 선언되지 않은 식별자입니다.
D:\OSJ\Octree_report\Utils.cpp(56,30): error C2065: 'p': 선언되지 않은 식별자입니다.
D:\OSJ\Octree_report\Utils.cpp(56,33): error C2143: 구문 오류: ';'이(가) '{' 앞에 없습니다.
D:\OSJ\Octree_report\Utils.cpp(56,33): error C2447: '{': 함수 헤더가 없습니다. 이전 스타일의 형식 목록입니까?
D:\OSJ\Octree_report\Utils.cpp(61,13): error C2065: 'v': 선언되지 않은 식별자입니다.
D:\OSJ\Octree_report\Utils.cpp(61,22): error C2065: 'v': 선언되지 않은 식별자입니다.
D:\OSJ\Octree_report\Utils.cpp(61,31): error C2065: 'v': 선언되지 않은 식별자입니다.
D:\OSJ\Octree_report\Utils.cpp(61,40): error C2065: 's': 선언되지 않은 식별자입니다.
D:\OSJ\Octree_report\Utils.cpp(61,49): error C2065: 's': 선언되지 않은 식별자입니다.
D:\OSJ\Octree_report\Utils.cpp(61,59): error C2065: 's': 선언되지 않은 식별자입니다.
D:\OSJ\Octree_report\Utils.cpp(65,13): error C2065: 'v': 선언되지 않은 식별자입니다.
D:\OSJ\Octree_report\Utils.cpp(65,22): error C2065: 'v': 선언되지 않은 식별자입니다.
D:\OSJ\Octree_report\Utils.cpp(65,31): error C2065: 'v': 선언되지 않은 식별자입니다.
D:\OSJ\Octree_report\Utils.cpp(65,40): error C2065: 's': 선언되지 않은 식별자입니다.
D:\OSJ\Octree_report\Utils.cpp(65,49): error C2065: 's': 선언되지 않은 식별자입니다.
D:\OSJ\Octree_report\Utils.cpp(65,59): error C2065: 's': 선언되지 않은 식별자입니다.
D:\OSJ\Octree_report\Utils.cpp(70,2): error C2065: 'v': 선언되지 않은 식별자입니다.
D:\OSJ\Octree_report\Utils.cpp(71,2): error C2065: 'v': 선언되지 않은 식별자입니다.
D:\OSJ\Octree_report\Utils.cpp(72,2): error C2065: 'v': 선언되지 않은 식별자입니다.
D:\OSJ\Octree_report\Utils.cpp(73,2): error C2065: 'mHalf': 선언되지 않은 식별자입니다.
D:\OSJ\Octree_report\Utils.cpp(73,41): error C3079: 이니셜라이저 목록을 이 대입 연산자의 오른쪽 피연산자로 사용할 수 없습니다.
D:\OSJ\Octree_report\Utils.cpp(74,2): error C2065: 'mVector3': 선언되지 않은 식별자입니다.
D:\OSJ\Octree_report\Utils.cpp(74,18): error C2065: 'v': 선언되지 않은 식별자입니다.
D:\OSJ\Octree_report\Utils.cpp(74,23): error C2065: 'v': 선언되지 않은 식별자입니다.
D:\OSJ\Octree_report\Utils.cpp(74,28): error C2065: 'v': 선언되지 않은 식별자입니다.
D:\OSJ\Octree_report\Utils.cpp(75,2): error C2065: 'mVector3': 선언되지 않은 식별자입니다.
D:\OSJ\Octree_report\Utils.cpp(75,18): error C2065: 'v': 선언되지 않은 식별자입니다.
D:\OSJ\Octree_report\Utils.cpp(75,27): error C2065: 'v': 선언되지 않은 식별자입니다.
D:\OSJ\Octree_report\Utils.cpp(75,32): error C2065: 'v': 선언되지 않은 식별자입니다.
D:\OSJ\Octree_report\Utils.cpp(76,2): error C2065: 'mVector3': 선언되지 않은 식별자입니다.
D:\OSJ\Octree_report\Utils.cpp(76,18): error C2065: 'v': 선언되지 않은 식별자입니다.
D:\OSJ\Octree_report\Utils.cpp(76,27): error C2065: 'v': 선언되지 않은 식별자입니다.
D:\OSJ\Octree_report\Utils.cpp(76,36): error C2065: 'v': 선언되지 않은 식별자입니다.
D:\OSJ\Octree_report\Utils.cpp(77,2): error C2065: 'mVector3': 선언되지 않은 식별자입니다.
D:\OSJ\Octree_report\Utils.cpp(77,18): error C2065: 'v': 선언되지 않은 식별자입니다.
D:\OSJ\Octree_report\Utils.cpp(77,19): fatal error C1003: 오류 수가 100개를 초과했습니다. 컴파일을 중지합니다.
  코드를 생성하고 있습니다...
