  Project1.cpp
D:\BasisLib\include\math.h(287,16): error C3861: 'cos': 식별자를 찾을 수 없습니다.
D:\BasisLib\include\math.h(288,16): error C3861: 'sin': 식별자를 찾을 수 없습니다.
D:\BasisLib\include\math.h(294,16): error C3861: 'cos': 식별자를 찾을 수 없습니다.
D:\BasisLib\include\math.h(295,16): error C3861: 'sin': 식별자를 찾을 수 없습니다.
D:\BasisLib\include\math.h(301,16): error C3861: 'cosf': 식별자를 찾을 수 없습니다.
D:\BasisLib\include\math.h(302,16): error C3861: 'sinf': 식별자를 찾을 수 없습니다.
C:\Program Files (x86)\Microsoft Visual Studio\2019\Professional\VC\Tools\MSVC\14.29.30133\include\cstdlib(24,18): error C2039: 'fabs': '`global namespace''의 멤버가 아닙니다.
C:\Program Files (x86)\Microsoft Visual Studio\2019\Professional\VC\Tools\MSVC\14.29.30133\include\cstdlib(24,22): error C3861: 'fabs': 식별자를 찾을 수 없습니다.
C:\Program Files (x86)\Microsoft Visual Studio\2019\Professional\VC\Tools\MSVC\14.29.30133\include\cstdlib(28,18): error C2039: 'fabsf': '`global namespace''의 멤버가 아닙니다.
C:\Program Files (x86)\Microsoft Visual Studio\2019\Professional\VC\Tools\MSVC\14.29.30133\include\cstdlib(28,23): error C3861: 'fabsf': 식별자를 찾을 수 없습니다.
C:\Program Files (x86)\Microsoft Visual Studio\2019\Professional\VC\Tools\MSVC\14.29.30133\include\cstdlib(32,18): error C2039: 'fabsl': '`global namespace''의 멤버가 아닙니다.
C:\Program Files (x86)\Microsoft Visual Studio\2019\Professional\VC\Tools\MSVC\14.29.30133\include\cstdlib(32,23): error C3861: 'fabsl': 식별자를 찾을 수 없습니다.
C:\Program Files (x86)\Microsoft Visual Studio\2019\Professional\VC\Tools\MSVC\14.29.30133\include\cmath(37,18): error C2039: 'acosf': '`global namespace''의 멤버가 아닙니다.
C:\Program Files (x86)\Microsoft Visual Studio\2019\Professional\VC\Tools\MSVC\14.29.30133\include\cmath(37,23): error C3861: 'acosf': 식별자를 찾을 수 없습니다.
C:\Program Files (x86)\Microsoft Visual Studio\2019\Professional\VC\Tools\MSVC\14.29.30133\include\cmath(41,18): error C2039: 'acoshf': '`global namespace''의 멤버가 아닙니다.
C:\Program Files (x86)\Microsoft Visual Studio\2019\Professional\VC\Tools\MSVC\14.29.30133\include\cmath(41,24): error C3861: 'acoshf': 식별자를 찾을 수 없습니다.
C:\Program Files (x86)\Microsoft Visual Studio\2019\Professional\VC\Tools\MSVC\14.29.30133\include\cmath(45,18): error C2039: 'asinf': '`global namespace''의 멤버가 아닙니다.
C:\Program Files (x86)\Microsoft Visual Studio\2019\Professional\VC\Tools\MSVC\14.29.30133\include\cmath(45,23): error C3861: 'asinf': 식별자를 찾을 수 없습니다.
C:\Program Files (x86)\Microsoft Visual Studio\2019\Professional\VC\Tools\MSVC\14.29.30133\include\cmath(49,18): error C2039: 'asinhf': '`global namespace''의 멤버가 아닙니다.
C:\Program Files (x86)\Microsoft Visual Studio\2019\Professional\VC\Tools\MSVC\14.29.30133\include\cmath(49,24): error C3861: 'asinhf': 식별자를 찾을 수 없습니다.
C:\Program Files (x86)\Microsoft Visual Studio\2019\Professional\VC\Tools\MSVC\14.29.30133\include\cmath(53,18): error C2039: 'atanf': '`global namespace''의 멤버가 아닙니다.
C:\Program Files (x86)\Microsoft Visual Studio\2019\Professional\VC\Tools\MSVC\14.29.30133\include\cmath(53,23): error C3861: 'atanf': 식별자를 찾을 수 없습니다.
C:\Program Files (x86)\Microsoft Visual Studio\2019\Professional\VC\Tools\MSVC\14.29.30133\include\cmath(57,18): error C2039: 'atanhf': '`global namespace''의 멤버가 아닙니다.
C:\Program Files (x86)\Microsoft Visual Studio\2019\Professional\VC\Tools\MSVC\14.29.30133\include\cmath(57,24): error C3861: 'atanhf': 식별자를 찾을 수 없습니다.
C:\Program Files (x86)\Microsoft Visual Studio\2019\Professional\VC\Tools\MSVC\14.29.30133\include\cmath(61,18): error C2039: 'atan2f': '`global namespace''의 멤버가 아닙니다.
C:\Program Files (x86)\Microsoft Visual Studio\2019\Professional\VC\Tools\MSVC\14.29.30133\include\cmath(61,24): error C3861: 'atan2f': 식별자를 찾을 수 없습니다.
C:\Program Files (x86)\Microsoft Visual Studio\2019\Professional\VC\Tools\MSVC\14.29.30133\include\cmath(65,18): error C2039: 'cbrtf': '`global namespace''의 멤버가 아닙니다.
C:\Program Files (x86)\Microsoft Visual Studio\2019\Professional\VC\Tools\MSVC\14.29.30133\include\cmath(65,23): error C3861: 'cbrtf': 식별자를 찾을 수 없습니다.
C:\Program Files (x86)\Microsoft Visual Studio\2019\Professional\VC\Tools\MSVC\14.29.30133\include\cmath(89,18): error C2039: 'cosf': '`global namespace''의 멤버가 아닙니다.
C:\Program Files (x86)\Microsoft Visual Studio\2019\Professional\VC\Tools\MSVC\14.29.30133\include\cmath(89,22): error C3861: 'cosf': 식별자를 찾을 수 없습니다.
C:\Program Files (x86)\Microsoft Visual Studio\2019\Professional\VC\Tools\MSVC\14.29.30133\include\cmath(93,18): error C2039: 'coshf': '`global namespace''의 멤버가 아닙니다.
C:\Program Files (x86)\Microsoft Visual Studio\2019\Professional\VC\Tools\MSVC\14.29.30133\include\cmath(93,23): error C3861: 'coshf': 식별자를 찾을 수 없습니다.
C:\Program Files (x86)\Microsoft Visual Studio\2019\Professional\VC\Tools\MSVC\14.29.30133\include\cmath(97,18): error C2039: 'erff': '`global namespace''의 멤버가 아닙니다.
C:\Program Files (x86)\Microsoft Visual Studio\2019\Professional\VC\Tools\MSVC\14.29.30133\include\cmath(97,22): error C3861: 'erff': 식별자를 찾을 수 없습니다.
C:\Program Files (x86)\Microsoft Visual Studio\2019\Professional\VC\Tools\MSVC\14.29.30133\include\cmath(101,18): error C2039: 'erfcf': '`global namespace''의 멤버가 아닙니다.
C:\Program Files (x86)\Microsoft Visual Studio\2019\Professional\VC\Tools\MSVC\14.29.30133\include\cmath(101,23): error C3861: 'erfcf': 식별자를 찾을 수 없습니다.
C:\Program Files (x86)\Microsoft Visual Studio\2019\Professional\VC\Tools\MSVC\14.29.30133\include\cmath(105,18): error C2039: 'expf': '`global namespace''의 멤버가 아닙니다.
C:\Program Files (x86)\Microsoft Visual Studio\2019\Professional\VC\Tools\MSVC\14.29.30133\include\cmath(105,22): error C3861: 'expf': 식별자를 찾을 수 없습니다.
C:\Program Files (x86)\Microsoft Visual Studio\2019\Professional\VC\Tools\MSVC\14.29.30133\include\cmath(109,18): error C2039: 'exp2f': '`global namespace''의 멤버가 아닙니다.
C:\Program Files (x86)\Microsoft Visual Studio\2019\Professional\VC\Tools\MSVC\14.29.30133\include\cmath(109,23): error C3861: 'exp2f': 식별자를 찾을 수 없습니다.
C:\Program Files (x86)\Microsoft Visual Studio\2019\Professional\VC\Tools\MSVC\14.29.30133\include\cmath(113,18): error C2039: 'expm1f': '`global namespace''의 멤버가 아닙니다.
C:\Program Files (x86)\Microsoft Visual Studio\2019\Professional\VC\Tools\MSVC\14.29.30133\include\cmath(113,24): error C3861: 'expm1f': 식별자를 찾을 수 없습니다.
C:\Program Files (x86)\Microsoft Visual Studio\2019\Professional\VC\Tools\MSVC\14.29.30133\include\cmath(117,18): error C2039: 'fabsf': '`global namespace''의 멤버가 아닙니다.
C:\Program Files (x86)\Microsoft Visual Studio\2019\Professional\VC\Tools\MSVC\14.29.30133\include\cmath(117,23): error C3861: 'fabsf': 식별자를 찾을 수 없습니다.
C:\Program Files (x86)\Microsoft Visual Studio\2019\Professional\VC\Tools\MSVC\14.29.30133\include\cmath(121,18): error C2039: 'fdimf': '`global namespace''의 멤버가 아닙니다.
C:\Program Files (x86)\Microsoft Visual Studio\2019\Professional\VC\Tools\MSVC\14.29.30133\include\cmath(121,23): error C3861: 'fdimf': 식별자를 찾을 수 없습니다.
C:\Program Files (x86)\Microsoft Visual Studio\2019\Professional\VC\Tools\MSVC\14.29.30133\include\cmath(135,18): error C2039: 'fmaf': '`global namespace''의 멤버가 아닙니다.
C:\Program Files (x86)\Microsoft Visual Studio\2019\Professional\VC\Tools\MSVC\14.29.30133\include\cmath(135,22): error C3861: 'fmaf': 식별자를 찾을 수 없습니다.
C:\Program Files (x86)\Microsoft Visual Studio\2019\Professional\VC\Tools\MSVC\14.29.30133\include\cmath(139,18): error C2039: 'fmaxf': '`global namespace''의 멤버가 아닙니다.
C:\Program Files (x86)\Microsoft Visual Studio\2019\Professional\VC\Tools\MSVC\14.29.30133\include\cmath(139,23): error C3861: 'fmaxf': 식별자를 찾을 수 없습니다.
C:\Program Files (x86)\Microsoft Visual Studio\2019\Professional\VC\Tools\MSVC\14.29.30133\include\cmath(143,18): error C2039: 'fminf': '`global namespace''의 멤버가 아닙니다.
C:\Program Files (x86)\Microsoft Visual Studio\2019\Professional\VC\Tools\MSVC\14.29.30133\include\cmath(143,23): error C3861: 'fminf': 식별자를 찾을 수 없습니다.
C:\Program Files (x86)\Microsoft Visual Studio\2019\Professional\VC\Tools\MSVC\14.29.30133\include\cmath(147,18): error C2039: 'fmodf': '`global namespace''의 멤버가 아닙니다.
C:\Program Files (x86)\Microsoft Visual Studio\2019\Professional\VC\Tools\MSVC\14.29.30133\include\cmath(147,23): error C3861: 'fmodf': 식별자를 찾을 수 없습니다.
C:\Program Files (x86)\Microsoft Visual Studio\2019\Professional\VC\Tools\MSVC\14.29.30133\include\cmath(151,18): error C2039: 'frexpf': '`global namespace''의 멤버가 아닙니다.
C:\Program Files (x86)\Microsoft Visual Studio\2019\Professional\VC\Tools\MSVC\14.29.30133\include\cmath(151,24): error C3861: 'frexpf': 식별자를 찾을 수 없습니다.
C:\Program Files (x86)\Microsoft Visual Studio\2019\Professional\VC\Tools\MSVC\14.29.30133\include\cmath(155,18): error C2039: 'hypotf': '`global namespace''의 멤버가 아닙니다.
C:\Program Files (x86)\Microsoft Visual Studio\2019\Professional\VC\Tools\MSVC\14.29.30133\include\cmath(155,24): error C3861: 'hypotf': 식별자를 찾을 수 없습니다.
C:\Program Files (x86)\Microsoft Visual Studio\2019\Professional\VC\Tools\MSVC\14.29.30133\include\cmath(159,18): error C2039: 'ilogbf': '`global namespace''의 멤버가 아닙니다.
C:\Program Files (x86)\Microsoft Visual Studio\2019\Professional\VC\Tools\MSVC\14.29.30133\include\cmath(159,24): error C3861: 'ilogbf': 식별자를 찾을 수 없습니다.
C:\Program Files (x86)\Microsoft Visual Studio\2019\Professional\VC\Tools\MSVC\14.29.30133\include\cmath(163,18): error C2039: 'ldexpf': '`global namespace''의 멤버가 아닙니다.
C:\Program Files (x86)\Microsoft Visual Studio\2019\Professional\VC\Tools\MSVC\14.29.30133\include\cmath(163,24): error C3861: 'ldexpf': 식별자를 찾을 수 없습니다.
C:\Program Files (x86)\Microsoft Visual Studio\2019\Professional\VC\Tools\MSVC\14.29.30133\include\cmath(167,18): error C2039: 'lgammaf': '`global namespace''의 멤버가 아닙니다.
C:\Program Files (x86)\Microsoft Visual Studio\2019\Professional\VC\Tools\MSVC\14.29.30133\include\cmath(167,25): error C3861: 'lgammaf': 식별자를 찾을 수 없습니다.
C:\Program Files (x86)\Microsoft Visual Studio\2019\Professional\VC\Tools\MSVC\14.29.30133\include\cmath(171,18): error C2039: 'llrintf': '`global namespace''의 멤버가 아닙니다.
C:\Program Files (x86)\Microsoft Visual Studio\2019\Professional\VC\Tools\MSVC\14.29.30133\include\cmath(171,25): error C3861: 'llrintf': 식별자를 찾을 수 없습니다.
C:\Program Files (x86)\Microsoft Visual Studio\2019\Professional\VC\Tools\MSVC\14.29.30133\include\cmath(175,18): error C2039: 'llroundf': '`global namespace''의 멤버가 아닙니다.
C:\Program Files (x86)\Microsoft Visual Studio\2019\Professional\VC\Tools\MSVC\14.29.30133\include\cmath(175,26): error C3861: 'llroundf': 식별자를 찾을 수 없습니다.
C:\Program Files (x86)\Microsoft Visual Studio\2019\Professional\VC\Tools\MSVC\14.29.30133\include\cmath(179,18): error C2039: 'logf': '`global namespace''의 멤버가 아닙니다.
C:\Program Files (x86)\Microsoft Visual Studio\2019\Professional\VC\Tools\MSVC\14.29.30133\include\cmath(179,22): error C3861: 'logf': 식별자를 찾을 수 없습니다.
C:\Program Files (x86)\Microsoft Visual Studio\2019\Professional\VC\Tools\MSVC\14.29.30133\include\cmath(183,18): error C2039: 'log10f': '`global namespace''의 멤버가 아닙니다.
C:\Program Files (x86)\Microsoft Visual Studio\2019\Professional\VC\Tools\MSVC\14.29.30133\include\cmath(183,24): error C3861: 'log10f': 식별자를 찾을 수 없습니다.
C:\Program Files (x86)\Microsoft Visual Studio\2019\Professional\VC\Tools\MSVC\14.29.30133\include\cmath(187,18): error C2039: 'log1pf': '`global namespace''의 멤버가 아닙니다.
C:\Program Files (x86)\Microsoft Visual Studio\2019\Professional\VC\Tools\MSVC\14.29.30133\include\cmath(187,24): error C3861: 'log1pf': 식별자를 찾을 수 없습니다.
C:\Program Files (x86)\Microsoft Visual Studio\2019\Professional\VC\Tools\MSVC\14.29.30133\include\cmath(191,18): error C2039: 'log2f': '`global namespace''의 멤버가 아닙니다.
C:\Program Files (x86)\Microsoft Visual Studio\2019\Professional\VC\Tools\MSVC\14.29.30133\include\cmath(191,23): error C3861: 'log2f': 식별자를 찾을 수 없습니다.
C:\Program Files (x86)\Microsoft Visual Studio\2019\Professional\VC\Tools\MSVC\14.29.30133\include\cmath(195,18): error C2039: 'logbf': '`global namespace''의 멤버가 아닙니다.
C:\Program Files (x86)\Microsoft Visual Studio\2019\Professional\VC\Tools\MSVC\14.29.30133\include\cmath(195,23): error C3861: 'logbf': 식별자를 찾을 수 없습니다.
C:\Program Files (x86)\Microsoft Visual Studio\2019\Professional\VC\Tools\MSVC\14.29.30133\include\cmath(199,18): error C2039: 'lrintf': '`global namespace''의 멤버가 아닙니다.
C:\Program Files (x86)\Microsoft Visual Studio\2019\Professional\VC\Tools\MSVC\14.29.30133\include\cmath(199,24): error C3861: 'lrintf': 식별자를 찾을 수 없습니다.
C:\Program Files (x86)\Microsoft Visual Studio\2019\Professional\VC\Tools\MSVC\14.29.30133\include\cmath(203,18): error C2039: 'lroundf': '`global namespace''의 멤버가 아닙니다.
C:\Program Files (x86)\Microsoft Visual Studio\2019\Professional\VC\Tools\MSVC\14.29.30133\include\cmath(203,25): error C3861: 'lroundf': 식별자를 찾을 수 없습니다.
C:\Program Files (x86)\Microsoft Visual Studio\2019\Professional\VC\Tools\MSVC\14.29.30133\include\cmath(207,18): error C2039: 'modff': '`global namespace''의 멤버가 아닙니다.
C:\Program Files (x86)\Microsoft Visual Studio\2019\Professional\VC\Tools\MSVC\14.29.30133\include\cmath(207,23): error C3861: 'modff': 식별자를 찾을 수 없습니다.
C:\Program Files (x86)\Microsoft Visual Studio\2019\Professional\VC\Tools\MSVC\14.29.30133\include\cmath(211,18): error C2039: 'nearbyintf': '`global namespace''의 멤버가 아닙니다.
C:\Program Files (x86)\Microsoft Visual Studio\2019\Professional\VC\Tools\MSVC\14.29.30133\include\cmath(211,28): error C3861: 'nearbyintf': 식별자를 찾을 수 없습니다.
C:\Program Files (x86)\Microsoft Visual Studio\2019\Professional\VC\Tools\MSVC\14.29.30133\include\cmath(215,18): error C2039: 'nextafterf': '`global namespace''의 멤버가 아닙니다.
C:\Program Files (x86)\Microsoft Visual Studio\2019\Professional\VC\Tools\MSVC\14.29.30133\include\cmath(215,28): error C3861: 'nextafterf': 식별자를 찾을 수 없습니다.
C:\Program Files (x86)\Microsoft Visual Studio\2019\Professional\VC\Tools\MSVC\14.29.30133\include\cmath(219,18): error C2039: 'nexttowardf': '`global namespace''의 멤버가 아닙니다.
C:\Program Files (x86)\Microsoft Visual Studio\2019\Professional\VC\Tools\MSVC\14.29.30133\include\cmath(219,29): error C3861: 'nexttowardf': 식별자를 찾을 수 없습니다.
C:\Program Files (x86)\Microsoft Visual Studio\2019\Professional\VC\Tools\MSVC\14.29.30133\include\cmath(223,18): error C2039: 'powf': '`global namespace''의 멤버가 아닙니다.
C:\Program Files (x86)\Microsoft Visual Studio\2019\Professional\VC\Tools\MSVC\14.29.30133\include\cmath(223,22): error C3861: 'powf': 식별자를 찾을 수 없습니다.
C:\Program Files (x86)\Microsoft Visual Studio\2019\Professional\VC\Tools\MSVC\14.29.30133\include\cmath(227,18): error C2039: 'remainderf': '`global namespace''의 멤버가 아닙니다.
C:\Program Files (x86)\Microsoft Visual Studio\2019\Professional\VC\Tools\MSVC\14.29.30133\include\cmath(227,28): error C3861: 'remainderf': 식별자를 찾을 수 없습니다.
C:\Program Files (x86)\Microsoft Visual Studio\2019\Professional\VC\Tools\MSVC\14.29.30133\include\cmath(231,18): error C2039: 'remquof': '`global namespace''의 멤버가 아닙니다.
C:\Program Files (x86)\Microsoft Visual Studio\2019\Professional\VC\Tools\MSVC\14.29.30133\include\cmath(231,25): error C3861: 'remquof': 식별자를 찾을 수 없습니다.
C:\Program Files (x86)\Microsoft Visual Studio\2019\Professional\VC\Tools\MSVC\14.29.30133\include\cmath(235,18): error C2039: 'rintf': '`global namespace''의 멤버가 아닙니다.
C:\Program Files (x86)\Microsoft Visual Studio\2019\Professional\VC\Tools\MSVC\14.29.30133\include\cmath(235,23): error C3861: 'rintf': 식별자를 찾을 수 없습니다.
C:\Program Files (x86)\Microsoft Visual Studio\2019\Professional\VC\Tools\MSVC\14.29.30133\include\cmath(249,18): error C2039: 'scalblnf': '`global namespace''의 멤버가 아닙니다.
C:\Program Files (x86)\Microsoft Visual Studio\2019\Professional\VC\Tools\MSVC\14.29.30133\include\cmath(249,26): error C3861: 'scalblnf': 식별자를 찾을 수 없습니다.
C:\Program Files (x86)\Microsoft Visual Studio\2019\Professional\VC\Tools\MSVC\14.29.30133\include\cmath(253,18): error C2039: 'scalbnf': '`global namespace''의 멤버가 아닙니다.
C:\Program Files (x86)\Microsoft Visual Studio\2019\Professional\VC\Tools\MSVC\14.29.30133\include\cmath(253,25): fatal error C1003: 오류 수가 100개를 초과했습니다. 컴파일을 중지합니다.
