d:\osj\output\api\createtexture.pch
d:\osj\output\api\vc142.pdb
d:\osj\output\api\vc142.idb
d:\osj\output\api\stdafx.obj
d:\osj\output\api\window.obj
d:\osj\output\api\sample.obj
d:\osj\output\api\object.obj
d:\osj\output\api\device.obj
d:\osj\output\api\core.obj
d:\osj\output\api\wictextureloader.obj
d:\osj\output\api\screengrab.obj
d:\osj\output\api\ddstextureloader.obj
d:\osj\output\createtexture.exe
d:\osj\output\api\createtexture.ilk
d:\osj\output\createtexture.pdb
d:\osj\output\api\createtexture.tlog\cl.command.1.tlog
d:\osj\output\api\createtexture.tlog\cl.read.1.tlog
d:\osj\output\api\createtexture.tlog\cl.write.1.tlog
d:\osj\output\api\createtexture.tlog\link.command.1.tlog
d:\osj\output\api\createtexture.tlog\link.read.1.tlog
d:\osj\output\api\createtexture.tlog\link.write.1.tlog
