C:\Program Files (x86)\Microsoft Visual Studio\2019\Professional\MSBuild\Microsoft\VC\v160\Microsoft.CppBuild.targets(498,5): warning MSB8004: Intermediate 디렉터리가 슬래시로 끝나지 않습니다. Intermediate 디렉터리의 적절한 평가를 허용하는 데 필요하므로 이 빌드 인스턴스에서 슬래시를 추가합니다.
C:\Program Files (x86)\Microsoft Visual Studio\2019\Professional\MSBuild\Microsoft\VC\v160\Microsoft.CppBuild.targets(499,5): warning MSB8004: Output 디렉터리가 슬래시로 끝나지 않습니다. Output 디렉터리의 적절한 평가를 허용하는 데 필요하므로 이 빌드 인스턴스에서 슬래시를 추가합니다.
C:\Program Files (x86)\Microsoft Visual Studio\2019\Professional\MSBuild\Microsoft\VC\v160\Microsoft.CppBuild.targets(513,5): warning MSB8028: 중간 디렉터리(../output/C++\)에 다른 프로젝트(BST.vcxproj, Hash.vcxproj, Inheritance.vcxproj, OSJ_Project_Sample.vcxproj, QuadTree.vcxproj, QuadTree1.vcxproj, RealStudentManagerLastVersion.vcxproj)에서 공유하는 파일이 포함되어 있습니다.  이로 인해 잘못된 정리 및 다시 빌드 동작이 수행될 수 있습니다.
  sString.cpp
D:\OSJ\sString\sString.cpp(78,57): error C2955: 'sString': 클래스 템플릿을(를) 사용하려면 템플릿 인수 목록이 필요합니다.
D:\OSJ\sString\sString.cpp(5): message : 'sString' 선언을 참조하십시오.
D:\OSJ\sString\sString.cpp(79,19): error C2662: 'char *sString<T>::getData(void) const': 'this' 포인터를 'const sString'에서 'const sString<T> &'(으)로 변환할 수 없습니다.
D:\OSJ\sString\sString.cpp(79,19): message : 원인: 'const sString'에서 'const sString<T>'(으)로 변환할 수 없습니다.
D:\OSJ\sString\sString.cpp(79,8): message : 변환하려면 둘째 사용자 정의 변환 연산자 또는 생성자가 있어야 합니다.
D:\OSJ\sString\sString.cpp(66,8): message : 'sString<T>::getData' 선언을 참조하십시오.
D:\OSJ\sString\sString.cpp(85,12): error C2133: 's0': 알 수 없는 크기입니다.
D:\OSJ\sString\sString.cpp(85,10): error C2512: 'sString': 사용할 수 있는 적절한 기본 생성자가 없습니다.
D:\OSJ\sString\sString.cpp(5,1): message : 'sString' 선언을 참조하십시오.
D:\OSJ\sString\sString.cpp(86,17): error C2514: 'sString': 클래스 템플릿을 생성할 수 없습니다.
D:\OSJ\sString\sString.cpp(5): message : 'sString' 선언을 참조하십시오.
D:\OSJ\sString\sString.cpp(87,17): error C2514: 'sString': 클래스 템플릿을 생성할 수 없습니다.
D:\OSJ\sString\sString.cpp(5): message : 'sString' 선언을 참조하십시오.
D:\OSJ\sString\sString.cpp(89,9): error C2678: 이항 '=': 왼쪽 피연산자로 'sString' 형식을 사용하는 연산자가 없거나 허용되는 변환이 없습니다.
D:\OSJ\sString\sString.cpp(33,11): message : 'sString<T> &sString<T>::operator =(sString<T> &&) noexcept'일 수 있습니다.
D:\OSJ\sString\sString.cpp(24,11): message : 또는       'sString<T> &sString<T>::operator =(const sString<T> &)'
D:\OSJ\sString\sString.cpp(89,9): message : 인수 목록 '(sString, sString)'을(를) 일치시키는 동안
D:\OSJ\sString\sString.cpp(89,9): error C2582: 'operator =' 함수는 'sString'에서 사용할 수 없습니다.
D:\OSJ\sString\sString.cpp(90,17): error C2514: 'sString': 클래스 템플릿을 생성할 수 없습니다.
D:\OSJ\sString\sString.cpp(5): message : 'sString' 선언을 참조하십시오.
D:\OSJ\sString\sString.cpp(91,13): error C2133: 's33': 알 수 없는 크기입니다.
D:\OSJ\sString\sString.cpp(91,10): error C2512: 'sString': 사용할 수 있는 적절한 기본 생성자가 없습니다.
D:\OSJ\sString\sString.cpp(5,1): message : 'sString' 선언을 참조하십시오.
D:\OSJ\sString\sString.cpp(92,11): error C2678: 이항 '+=': 왼쪽 피연산자로 'sString' 형식을 사용하는 연산자가 없거나 허용되는 변환이 없습니다.
D:\OSJ\sString\sString.cpp(49,11): message : 'sString<T> &sString<T>::operator +=(const sString<T> &)'일 수 있습니다.
D:\OSJ\sString\sString.cpp(92,11): message : 인수 목록 '(sString, sString)'을(를) 일치시키는 동안
D:\OSJ\sString\sString.cpp(93,12): error C2133: 's4': 알 수 없는 크기입니다.
D:\OSJ\sString\sString.cpp(93,10): error C2512: 'sString': 사용할 수 있는 적절한 기본 생성자가 없습니다.
D:\OSJ\sString\sString.cpp(5,1): message : 'sString' 선언을 참조하십시오.
D:\OSJ\sString\sString.cpp(94,14): error C2678: 이항 '+': 왼쪽 피연산자로 'sString' 형식을 사용하는 연산자가 없거나 허용되는 변환이 없습니다.
D:\OSJ\sString\sString.cpp(41,10): message : 'sString<T> sString<T>::operator +(const sString<T> &) const'일 수 있습니다.
D:\OSJ\sString\sString.cpp(94,14): message : 인수 목록 '(sString, sString)'을(를) 일치시키는 동안
D:\OSJ\sString\sString.cpp(95,15): error C2955: 'sString': 클래스 템플릿을(를) 사용하려면 템플릿 인수 목록이 필요합니다.
D:\OSJ\sString\sString.cpp(5): message : 'sString' 선언을 참조하십시오.
D:\OSJ\sString\sString.cpp(95,13): error C2512: 'sString': 사용할 수 있는 적절한 기본 생성자가 없습니다.
D:\OSJ\sString\sString.cpp(5,1): message : 'sString' 선언을 참조하십시오.
D:\OSJ\sString\sString.cpp(96,17): error C2514: 'sString': 클래스 템플릿을 생성할 수 없습니다.
D:\OSJ\sString\sString.cpp(5): message : 'sString' 선언을 참조하십시오.
